Build started 2014/9/3 18:10:34.
     1>Project "E:\GitHub\cascade-boosting\CascadeBoosting3.2\CascadeBoosting\CascadeBoosting.vcxproj" on node 2 (Rebuild target(s)).
     1>_PrepareForClean:
         Deleting file "x64\Release\CascadeBoosting.lastbuildstate".
       InitializeBuildStatus:
         Creating "x64\Release\CascadeBoosting.unsuccessfulbuild" because "AlwaysCreate" was specified.
       ClCompile:
         C:\Program Files (x86)\Microsoft Visual Studio 11.0\VC\bin\x86_amd64\CL.exe /c /IC:\opencv2.4.9\build\include /Zi /nologo /W3 /WX- /O2 /Oi /Ot /GL /D WIN32 /D NDEBUG /D _CONSOLE /D _MBCS /Gm- /EHsc /MT /GS /Gy /arch:AVX /fp:precise /Zc:wchar_t /Zc:forScope /Yc"stdafx.h" /Fp"x64\Release\CascadeBoosting.pch" /Fo"x64\Release\\" /Fd"x64\Release\vc110.pdb" /Gd /TP /errorReport:prompt stdafx.cpp
         stdafx.cpp
         C:\Program Files (x86)\Microsoft Visual Studio 11.0\VC\bin\x86_amd64\CL.exe /c /IC:\opencv2.4.9\build\include /Zi /nologo /W3 /WX- /O2 /Oi /Ot /GL /D WIN32 /D NDEBUG /D _CONSOLE /D _MBCS /Gm- /EHsc /MT /GS /Gy /arch:AVX /fp:precise /Zc:wchar_t /Zc:forScope /Yu"stdafx.h" /Fp"x64\Release\CascadeBoosting.pch" /Fo"x64\Release\\" /Fd"x64\Release\vc110.pdb" /Gd /TP /errorReport:prompt Boosting.cpp Cascade.cpp ObjMerger.cpp Detector.cpp HaarFeature.cpp IntegralImage.cpp main.cpp NegativeExtractor.cpp PositiveExtractor.cpp Tester.cpp WeakLearner.cpp
         Boosting.cpp
     1>Boosting.cpp(240): warning C4244: '=' : conversion from 'double' to 'int', possible loss of data
     1>Boosting.cpp(242): warning C4244: '=' : conversion from 'double' to 'int', possible loss of data
     1>Boosting.cpp(245): warning C4244: '=' : conversion from 'double' to 'int', possible loss of data
     1>Boosting.cpp(247): warning C4244: '=' : conversion from 'double' to 'int', possible loss of data
     1>Boosting.cpp(260): warning C4244: '=' : conversion from 'double' to 'int', possible loss of data
     1>Boosting.cpp(368): warning C4996: 'fopen': This function or variable may be unsafe. Consider using fopen_s instead. To disable deprecation, use _CRT_SECURE_NO_WARNINGS. See online help for details.
                 C:\Program Files (x86)\Microsoft Visual Studio 11.0\VC\include\stdio.h(218) : see declaration of 'fopen'
     1>Boosting.cpp(376): warning C4996: 'fopen': This function or variable may be unsafe. Consider using fopen_s instead. To disable deprecation, use _CRT_SECURE_NO_WARNINGS. See online help for details.
                 C:\Program Files (x86)\Microsoft Visual Studio 11.0\VC\include\stdio.h(218) : see declaration of 'fopen'
     1>Boosting.cpp(536): warning C4996: 'fopen': This function or variable may be unsafe. Consider using fopen_s instead. To disable deprecation, use _CRT_SECURE_NO_WARNINGS. See online help for details.
                 C:\Program Files (x86)\Microsoft Visual Studio 11.0\VC\include\stdio.h(218) : see declaration of 'fopen'
     1>Boosting.cpp(564): warning C4996: 'fopen': This function or variable may be unsafe. Consider using fopen_s instead. To disable deprecation, use _CRT_SECURE_NO_WARNINGS. See online help for details.
                 C:\Program Files (x86)\Microsoft Visual Studio 11.0\VC\include\stdio.h(218) : see declaration of 'fopen'
     1>Boosting.cpp(606): warning C4996: 'fopen': This function or variable may be unsafe. Consider using fopen_s instead. To disable deprecation, use _CRT_SECURE_NO_WARNINGS. See online help for details.
                 C:\Program Files (x86)\Microsoft Visual Studio 11.0\VC\include\stdio.h(218) : see declaration of 'fopen'
         Cascade.cpp
     1>Cascade.cpp(113): warning C4996: 'access': The POSIX name for this item is deprecated. Instead, use the ISO C++ conformant name: _access. See online help for details.
                 C:\Program Files (x86)\Microsoft Visual Studio 11.0\VC\include\io.h(302) : see declaration of 'access'
     1>Cascade.cpp(139): warning C4996: 'fopen': This function or variable may be unsafe. Consider using fopen_s instead. To disable deprecation, use _CRT_SECURE_NO_WARNINGS. See online help for details.
                 C:\Program Files (x86)\Microsoft Visual Studio 11.0\VC\include\stdio.h(218) : see declaration of 'fopen'
     1>Cascade.cpp(150): warning C4996: 'fscanf': This function or variable may be unsafe. Consider using fscanf_s instead. To disable deprecation, use _CRT_SECURE_NO_WARNINGS. See online help for details.
                 C:\Program Files (x86)\Microsoft Visual Studio 11.0\VC\include\stdio.h(237) : see declaration of 'fscanf'
     1>Cascade.cpp(151): warning C4996: 'fscanf': This function or variable may be unsafe. Consider using fscanf_s instead. To disable deprecation, use _CRT_SECURE_NO_WARNINGS. See online help for details.
                 C:\Program Files (x86)\Microsoft Visual Studio 11.0\VC\include\stdio.h(237) : see declaration of 'fscanf'
     1>Cascade.cpp(152): warning C4996: 'fscanf': This function or variable may be unsafe. Consider using fscanf_s instead. To disable deprecation, use _CRT_SECURE_NO_WARNINGS. See online help for details.
                 C:\Program Files (x86)\Microsoft Visual Studio 11.0\VC\include\stdio.h(237) : see declaration of 'fscanf'
     1>Cascade.cpp(155): warning C4996: 'fscanf': This function or variable may be unsafe. Consider using fscanf_s instead. To disable deprecation, use _CRT_SECURE_NO_WARNINGS. See online help for details.
                 C:\Program Files (x86)\Microsoft Visual Studio 11.0\VC\include\stdio.h(237) : see declaration of 'fscanf'
     1>Cascade.cpp(158): warning C4996: 'fscanf': This function or variable may be unsafe. Consider using fscanf_s instead. To disable deprecation, use _CRT_SECURE_NO_WARNINGS. See online help for details.
                 C:\Program Files (x86)\Microsoft Visual Studio 11.0\VC\include\stdio.h(237) : see declaration of 'fscanf'
     1>Cascade.cpp(169): warning C4996: 'fscanf': This function or variable may be unsafe. Consider using fscanf_s instead. To disable deprecation, use _CRT_SECURE_NO_WARNINGS. See online help for details.
                 C:\Program Files (x86)\Microsoft Visual Studio 11.0\VC\include\stdio.h(237) : see declaration of 'fscanf'
     1>Cascade.cpp(173): warning C4996: 'fscanf': This function or variable may be unsafe. Consider using fscanf_s instead. To disable deprecation, use _CRT_SECURE_NO_WARNINGS. See online help for details.
                 C:\Program Files (x86)\Microsoft Visual Studio 11.0\VC\include\stdio.h(237) : see declaration of 'fscanf'
     1>Cascade.cpp(176): warning C4996: 'fscanf': This function or variable may be unsafe. Consider using fscanf_s instead. To disable deprecation, use _CRT_SECURE_NO_WARNINGS. See online help for details.
                 C:\Program Files (x86)\Microsoft Visual Studio 11.0\VC\include\stdio.h(237) : see declaration of 'fscanf'
     1>Cascade.cpp(178): warning C4996: 'fscanf': This function or variable may be unsafe. Consider using fscanf_s instead. To disable deprecation, use _CRT_SECURE_NO_WARNINGS. See online help for details.
                 C:\Program Files (x86)\Microsoft Visual Studio 11.0\VC\include\stdio.h(237) : see declaration of 'fscanf'
     1>Cascade.cpp(188): warning C4996: 'fopen': This function or variable may be unsafe. Consider using fopen_s instead. To disable deprecation, use _CRT_SECURE_NO_WARNINGS. See online help for details.
                 C:\Program Files (x86)\Microsoft Visual Studio 11.0\VC\include\stdio.h(218) : see declaration of 'fopen'
     1>Cascade.cpp(198): warning C4996: 'fscanf': This function or variable may be unsafe. Consider using fscanf_s instead. To disable deprecation, use _CRT_SECURE_NO_WARNINGS. See online help for details.
                 C:\Program Files (x86)\Microsoft Visual Studio 11.0\VC\include\stdio.h(237) : see declaration of 'fscanf'
     1>Cascade.cpp(206): warning C4996: 'fscanf': This function or variable may be unsafe. Consider using fscanf_s instead. To disable deprecation, use _CRT_SECURE_NO_WARNINGS. See online help for details.
                 C:\Program Files (x86)\Microsoft Visual Studio 11.0\VC\include\stdio.h(237) : see declaration of 'fscanf'
     1>Cascade.cpp(211): warning C4996: 'fscanf': This function or variable may be unsafe. Consider using fscanf_s instead. To disable deprecation, use _CRT_SECURE_NO_WARNINGS. See online help for details.
                 C:\Program Files (x86)\Microsoft Visual Studio 11.0\VC\include\stdio.h(237) : see declaration of 'fscanf'
     1>Cascade.cpp(216): warning C4996: 'fscanf': This function or variable may be unsafe. Consider using fscanf_s instead. To disable deprecation, use _CRT_SECURE_NO_WARNINGS. See online help for details.
                 C:\Program Files (x86)\Microsoft Visual Studio 11.0\VC\include\stdio.h(237) : see declaration of 'fscanf'
     1>Cascade.cpp(221): warning C4996: 'fscanf': This function or variable may be unsafe. Consider using fscanf_s instead. To disable deprecation, use _CRT_SECURE_NO_WARNINGS. See online help for details.
                 C:\Program Files (x86)\Microsoft Visual Studio 11.0\VC\include\stdio.h(237) : see declaration of 'fscanf'
     1>Cascade.cpp(226): warning C4996: 'fscanf': This function or variable may be unsafe. Consider using fscanf_s instead. To disable deprecation, use _CRT_SECURE_NO_WARNINGS. See online help for details.
                 C:\Program Files (x86)\Microsoft Visual Studio 11.0\VC\include\stdio.h(237) : see declaration of 'fscanf'
     1>Cascade.cpp(231): warning C4996: 'fscanf': This function or variable may be unsafe. Consider using fscanf_s instead. To disable deprecation, use _CRT_SECURE_NO_WARNINGS. See online help for details.
                 C:\Program Files (x86)\Microsoft Visual Studio 11.0\VC\include\stdio.h(237) : see declaration of 'fscanf'
     1>Cascade.cpp(236): warning C4996: 'fscanf': This function or variable may be unsafe. Consider using fscanf_s instead. To disable deprecation, use _CRT_SECURE_NO_WARNINGS. See online help for details.
                 C:\Program Files (x86)\Microsoft Visual Studio 11.0\VC\include\stdio.h(237) : see declaration of 'fscanf'
     1>Cascade.cpp(241): warning C4996: 'fscanf': This function or variable may be unsafe. Consider using fscanf_s instead. To disable deprecation, use _CRT_SECURE_NO_WARNINGS. See online help for details.
                 C:\Program Files (x86)\Microsoft Visual Studio 11.0\VC\include\stdio.h(237) : see declaration of 'fscanf'
     1>Cascade.cpp(246): warning C4996: 'fscanf': This function or variable may be unsafe. Consider using fscanf_s instead. To disable deprecation, use _CRT_SECURE_NO_WARNINGS. See online help for details.
                 C:\Program Files (x86)\Microsoft Visual Studio 11.0\VC\include\stdio.h(237) : see declaration of 'fscanf'
     1>Cascade.cpp(251): warning C4996: 'fscanf': This function or variable may be unsafe. Consider using fscanf_s instead. To disable deprecation, use _CRT_SECURE_NO_WARNINGS. See online help for details.
                 C:\Program Files (x86)\Microsoft Visual Studio 11.0\VC\include\stdio.h(237) : see declaration of 'fscanf'
     1>Cascade.cpp(256): warning C4996: 'fscanf': This function or variable may be unsafe. Consider using fscanf_s instead. To disable deprecation, use _CRT_SECURE_NO_WARNINGS. See online help for details.
                 C:\Program Files (x86)\Microsoft Visual Studio 11.0\VC\include\stdio.h(237) : see declaration of 'fscanf'
     1>Cascade.cpp(261): warning C4996: 'fscanf': This function or variable may be unsafe. Consider using fscanf_s instead. To disable deprecation, use _CRT_SECURE_NO_WARNINGS. See online help for details.
                 C:\Program Files (x86)\Microsoft Visual Studio 11.0\VC\include\stdio.h(237) : see declaration of 'fscanf'
     1>Cascade.cpp(268): warning C4996: 'fscanf': This function or variable may be unsafe. Consider using fscanf_s instead. To disable deprecation, use _CRT_SECURE_NO_WARNINGS. See online help for details.
                 C:\Program Files (x86)\Microsoft Visual Studio 11.0\VC\include\stdio.h(237) : see declaration of 'fscanf'
     1>Cascade.cpp(273): warning C4996: 'fscanf': This function or variable may be unsafe. Consider using fscanf_s instead. To disable deprecation, use _CRT_SECURE_NO_WARNINGS. See online help for details.
                 C:\Program Files (x86)\Microsoft Visual Studio 11.0\VC\include\stdio.h(237) : see declaration of 'fscanf'
     1>Cascade.cpp(278): warning C4996: 'fscanf': This function or variable may be unsafe. Consider using fscanf_s instead. To disable deprecation, use _CRT_SECURE_NO_WARNINGS. See online help for details.
                 C:\Program Files (x86)\Microsoft Visual Studio 11.0\VC\include\stdio.h(237) : see declaration of 'fscanf'
     1>Cascade.cpp(283): warning C4996: 'fscanf': This function or variable may be unsafe. Consider using fscanf_s instead. To disable deprecation, use _CRT_SECURE_NO_WARNINGS. See online help for details.
                 C:\Program Files (x86)\Microsoft Visual Studio 11.0\VC\include\stdio.h(237) : see declaration of 'fscanf'
     1>Cascade.cpp(288): warning C4996: 'fscanf': This function or variable may be unsafe. Consider using fscanf_s instead. To disable deprecation, use _CRT_SECURE_NO_WARNINGS. See online help for details.
                 C:\Program Files (x86)\Microsoft Visual Studio 11.0\VC\include\stdio.h(237) : see declaration of 'fscanf'
     1>Cascade.cpp(293): warning C4996: 'fscanf': This function or variable may be unsafe. Consider using fscanf_s instead. To disable deprecation, use _CRT_SECURE_NO_WARNINGS. See online help for details.
                 C:\Program Files (x86)\Microsoft Visual Studio 11.0\VC\include\stdio.h(237) : see declaration of 'fscanf'
     1>Cascade.cpp(298): warning C4996: 'fscanf': This function or variable may be unsafe. Consider using fscanf_s instead. To disable deprecation, use _CRT_SECURE_NO_WARNINGS. See online help for details.
                 C:\Program Files (x86)\Microsoft Visual Studio 11.0\VC\include\stdio.h(237) : see declaration of 'fscanf'
     1>Cascade.cpp(303): warning C4996: 'fscanf': This function or variable may be unsafe. Consider using fscanf_s instead. To disable deprecation, use _CRT_SECURE_NO_WARNINGS. See online help for details.
                 C:\Program Files (x86)\Microsoft Visual Studio 11.0\VC\include\stdio.h(237) : see declaration of 'fscanf'
     1>Cascade.cpp(308): warning C4996: 'fscanf': This function or variable may be unsafe. Consider using fscanf_s instead. To disable deprecation, use _CRT_SECURE_NO_WARNINGS. See online help for details.
                 C:\Program Files (x86)\Microsoft Visual Studio 11.0\VC\include\stdio.h(237) : see declaration of 'fscanf'
     1>Cascade.cpp(322): warning C4996: 'fopen': This function or variable may be unsafe. Consider using fopen_s instead. To disable deprecation, use _CRT_SECURE_NO_WARNINGS. See online help for details.
                 C:\Program Files (x86)\Microsoft Visual Studio 11.0\VC\include\stdio.h(218) : see declaration of 'fopen'
     1>Cascade.cpp(336): warning C4996: 'fopen': This function or variable may be unsafe. Consider using fopen_s instead. To disable deprecation, use _CRT_SECURE_NO_WARNINGS. See online help for details.
                 C:\Program Files (x86)\Microsoft Visual Studio 11.0\VC\include\stdio.h(218) : see declaration of 'fopen'
     1>Cascade.cpp(373): warning C4996: 'fopen': This function or variable may be unsafe. Consider using fopen_s instead. To disable deprecation, use _CRT_SECURE_NO_WARNINGS. See online help for details.
                 C:\Program Files (x86)\Microsoft Visual Studio 11.0\VC\include\stdio.h(218) : see declaration of 'fopen'
     1>Cascade.cpp(409): warning C4996: 'fopen': This function or variable may be unsafe. Consider using fopen_s instead. To disable deprecation, use _CRT_SECURE_NO_WARNINGS. See online help for details.
                 C:\Program Files (x86)\Microsoft Visual Studio 11.0\VC\include\stdio.h(218) : see declaration of 'fopen'
     1>Cascade.cpp(437): warning C4996: 'fopen': This function or variable may be unsafe. Consider using fopen_s instead. To disable deprecation, use _CRT_SECURE_NO_WARNINGS. See online help for details.
                 C:\Program Files (x86)\Microsoft Visual Studio 11.0\VC\include\stdio.h(218) : see declaration of 'fopen'
         ObjMerger.cpp
     1>ObjMerger.cpp(177): warning C4244: 'argument' : conversion from 'double' to 'int', possible loss of data
     1>ObjMerger.cpp(178): warning C4244: 'argument' : conversion from 'double' to 'int', possible loss of data
     1>ObjMerger.cpp(184): warning C4244: 'argument' : conversion from 'double' to 'int', possible loss of data
     1>ObjMerger.cpp(185): warning C4244: 'argument' : conversion from 'double' to 'int', possible loss of data
     1>ObjMerger.cpp(261): warning C4244: '*=' : conversion from 'double' to 'int', possible loss of data
     1>ObjMerger.cpp(262): warning C4244: '*=' : conversion from 'double' to 'int', possible loss of data
     1>ObjMerger.cpp(263): warning C4244: '*=' : conversion from 'double' to 'int', possible loss of data
     1>ObjMerger.cpp(264): warning C4244: '*=' : conversion from 'double' to 'int', possible loss of data
         Detector.cpp
     1>Detector.cpp(45): warning C4996: 'fopen': This function or variable may be unsafe. Consider using fopen_s instead. To disable deprecation, use _CRT_SECURE_NO_WARNINGS. See online help for details.
                 C:\Program Files (x86)\Microsoft Visual Studio 11.0\VC\include\stdio.h(218) : see declaration of 'fopen'
     1>Detector.cpp(53): warning C4996: 'fscanf': This function or variable may be unsafe. Consider using fscanf_s instead. To disable deprecation, use _CRT_SECURE_NO_WARNINGS. See online help for details.
                 C:\Program Files (x86)\Microsoft Visual Studio 11.0\VC\include\stdio.h(237) : see declaration of 'fscanf'
     1>Detector.cpp(54): warning C4996: 'fscanf': This function or variable may be unsafe. Consider using fscanf_s instead. To disable deprecation, use _CRT_SECURE_NO_WARNINGS. See online help for details.
                 C:\Program Files (x86)\Microsoft Visual Studio 11.0\VC\include\stdio.h(237) : see declaration of 'fscanf'
     1>Detector.cpp(56): warning C4996: 'fscanf': This function or variable may be unsafe. Consider using fscanf_s instead. To disable deprecation, use _CRT_SECURE_NO_WARNINGS. See online help for details.
                 C:\Program Files (x86)\Microsoft Visual Studio 11.0\VC\include\stdio.h(237) : see declaration of 'fscanf'
     1>Detector.cpp(63): warning C4996: 'fscanf': This function or variable may be unsafe. Consider using fscanf_s instead. To disable deprecation, use _CRT_SECURE_NO_WARNINGS. See online help for details.
                 C:\Program Files (x86)\Microsoft Visual Studio 11.0\VC\include\stdio.h(237) : see declaration of 'fscanf'
     1>Detector.cpp(66): warning C4996: 'fscanf': This function or variable may be unsafe. Consider using fscanf_s instead. To disable deprecation, use _CRT_SECURE_NO_WARNINGS. See online help for details.
                 C:\Program Files (x86)\Microsoft Visual Studio 11.0\VC\include\stdio.h(237) : see declaration of 'fscanf'
     1>Detector.cpp(77): warning C4996: 'fscanf': This function or variable may be unsafe. Consider using fscanf_s instead. To disable deprecation, use _CRT_SECURE_NO_WARNINGS. See online help for details.
                 C:\Program Files (x86)\Microsoft Visual Studio 11.0\VC\include\stdio.h(237) : see declaration of 'fscanf'
     1>Detector.cpp(81): warning C4996: 'fscanf': This function or variable may be unsafe. Consider using fscanf_s instead. To disable deprecation, use _CRT_SECURE_NO_WARNINGS. See online help for details.
                 C:\Program Files (x86)\Microsoft Visual Studio 11.0\VC\include\stdio.h(237) : see declaration of 'fscanf'
     1>Detector.cpp(84): warning C4996: 'fscanf': This function or variable may be unsafe. Consider using fscanf_s instead. To disable deprecation, use _CRT_SECURE_NO_WARNINGS. See online help for details.
                 C:\Program Files (x86)\Microsoft Visual Studio 11.0\VC\include\stdio.h(237) : see declaration of 'fscanf'
     1>Detector.cpp(86): warning C4996: 'fscanf': This function or variable may be unsafe. Consider using fscanf_s instead. To disable deprecation, use _CRT_SECURE_NO_WARNINGS. See online help for details.
                 C:\Program Files (x86)\Microsoft Visual Studio 11.0\VC\include\stdio.h(237) : see declaration of 'fscanf'
     1>Detector.cpp(107): warning C4996: 'access': The POSIX name for this item is deprecated. Instead, use the ISO C++ conformant name: _access. See online help for details.
                 C:\Program Files (x86)\Microsoft Visual Studio 11.0\VC\include\io.h(302) : see declaration of 'access'
     1>Detector.cpp(112): warning C4996: 'access': The POSIX name for this item is deprecated. Instead, use the ISO C++ conformant name: _access. See online help for details.
                 C:\Program Files (x86)\Microsoft Visual Studio 11.0\VC\include\io.h(302) : see declaration of 'access'
     1>Detector.cpp(123): warning C4800: 'BOOL' : forcing value to bool 'true' or 'false' (performance warning)
     1>Detector.cpp(127): warning C4800: 'BOOL' : forcing value to bool 'true' or 'false' (performance warning)
     1>Detector.cpp(175): warning C4244: '=' : conversion from 'double' to 'int', possible loss of data
     1>Detector.cpp(176): warning C4244: '=' : conversion from 'double' to 'int', possible loss of data
     1>Detector.cpp(177): warning C4244: '=' : conversion from 'double' to 'int', possible loss of data
     1>Detector.cpp(178): warning C4244: '=' : conversion from 'double' to 'int', possible loss of data
     1>Detector.cpp(219): warning C4244: '=' : conversion from 'double' to 'int', possible loss of data
     1>Detector.cpp(220): warning C4244: '=' : conversion from 'double' to 'int', possible loss of data
     1>Detector.cpp(232): warning C4244: '+=' : conversion from 'double' to 'int', possible loss of data
     1>Detector.cpp(249): warning C4244: '+=' : conversion from 'double' to 'int', possible loss of data
     1>Detector.cpp(251): warning C4244: '+=' : conversion from 'double' to 'int', possible loss of data
     1>Detector.cpp(254): warning C4244: '=' : conversion from 'double' to 'int', possible loss of data
     1>Detector.cpp(255): warning C4244: '=' : conversion from 'double' to 'int', possible loss of data
         HaarFeature.cpp
     1>HaarFeature.cpp(307): warning C4244: '=' : conversion from 'double' to 'int', possible loss of data
     1>HaarFeature.cpp(308): warning C4244: '=' : conversion from 'double' to 'int', possible loss of data
     1>HaarFeature.cpp(309): warning C4244: '=' : conversion from 'double' to 'int', possible loss of data
     1>HaarFeature.cpp(310): warning C4244: '=' : conversion from 'double' to 'int', possible loss of data
     1>HaarFeature.cpp(311): warning C4244: '*=' : conversion from 'double' to 'int', possible loss of data
     1>HaarFeature.cpp(312): warning C4244: '*=' : conversion from 'double' to 'int', possible loss of data
     1>HaarFeature.cpp(595): warning C4244: 'return' : conversion from 'double' to 'float', possible loss of data
         IntegralImage.cpp
     1>IntegralImage.cpp(286): warning C4267: 'initializing' : conversion from 'size_t' to 'int', possible loss of data
     1>IntegralImage.cpp(291): warning C4267: '=' : conversion from 'size_t' to 'int', possible loss of data
     1>IntegralImage.cpp(292): warning C4267: '=' : conversion from 'size_t' to 'int', possible loss of data
     1>IntegralImage.cpp(298): warning C4267: '=' : conversion from 'size_t' to 'int', possible loss of data
     1>IntegralImage.cpp(299): warning C4267: '=' : conversion from 'size_t' to 'int', possible loss of data
     1>IntegralImage.cpp(303): warning C4267: '=' : conversion from 'size_t' to 'int', possible loss of data
     1>IntegralImage.cpp(304): warning C4267: '=' : conversion from 'size_t' to 'int', possible loss of data
     1>IntegralImage.cpp(313): warning C4996: 'fopen': This function or variable may be unsafe. Consider using fopen_s instead. To disable deprecation, use _CRT_SECURE_NO_WARNINGS. See online help for details.
                 C:\Program Files (x86)\Microsoft Visual Studio 11.0\VC\include\stdio.h(218) : see declaration of 'fopen'
         main.cpp
     1>main.cpp(40): warning C4996: 'access': The POSIX name for this item is deprecated. Instead, use the ISO C++ conformant name: _access. See online help for details.
                 C:\Program Files (x86)\Microsoft Visual Studio 11.0\VC\include\io.h(302) : see declaration of 'access'
     1>main.cpp(67): warning C4996: '_splitpath': This function or variable may be unsafe. Consider using _splitpath_s instead. To disable deprecation, use _CRT_SECURE_NO_WARNINGS. See online help for details.
                 C:\Program Files (x86)\Microsoft Visual Studio 11.0\VC\include\stdlib.h(824) : see declaration of '_splitpath'
     1>main.cpp(69): warning C4996: 'sprintf': This function or variable may be unsafe. Consider using sprintf_s instead. To disable deprecation, use _CRT_SECURE_NO_WARNINGS. See online help for details.
                 C:\Program Files (x86)\Microsoft Visual Studio 11.0\VC\include\stdio.h(357) : see declaration of 'sprintf'
     1>main.cpp(93): warning C4244: '=' : conversion from 'const double' to 'int', possible loss of data
     1>main.cpp(94): warning C4244: '=' : conversion from 'const double' to 'int', possible loss of data
     1>main.cpp(95): warning C4244: '=' : conversion from 'const double' to 'int', possible loss of data
     1>main.cpp(96): warning C4244: '=' : conversion from 'const double' to 'int', possible loss of data
     1>main.cpp(101): warning C4996: 'access': The POSIX name for this item is deprecated. Instead, use the ISO C++ conformant name: _access. See online help for details.
                 C:\Program Files (x86)\Microsoft Visual Studio 11.0\VC\include\io.h(302) : see declaration of 'access'
     1>main.cpp(107): warning C4996: 'access': The POSIX name for this item is deprecated. Instead, use the ISO C++ conformant name: _access. See online help for details.
                 C:\Program Files (x86)\Microsoft Visual Studio 11.0\VC\include\io.h(302) : see declaration of 'access'
         NegativeExtractor.cpp
     1>NegativeExtractor.cpp(28): warning C4996: 'fopen': This function or variable may be unsafe. Consider using fopen_s instead. To disable deprecation, use _CRT_SECURE_NO_WARNINGS. See online help for details.
                 C:\Program Files (x86)\Microsoft Visual Studio 11.0\VC\include\stdio.h(218) : see declaration of 'fopen'
     1>NegativeExtractor.cpp(29): warning C4996: 'fscanf': This function or variable may be unsafe. Consider using fscanf_s instead. To disable deprecation, use _CRT_SECURE_NO_WARNINGS. See online help for details.
                 C:\Program Files (x86)\Microsoft Visual Studio 11.0\VC\include\stdio.h(237) : see declaration of 'fscanf'
     1>NegativeExtractor.cpp(32): warning C4996: 'fscanf': This function or variable may be unsafe. Consider using fscanf_s instead. To disable deprecation, use _CRT_SECURE_NO_WARNINGS. See online help for details.
                 C:\Program Files (x86)\Microsoft Visual Studio 11.0\VC\include\stdio.h(237) : see declaration of 'fscanf'
     1>NegativeExtractor.cpp(39): warning C4996: 'fopen': This function or variable may be unsafe. Consider using fopen_s instead. To disable deprecation, use _CRT_SECURE_NO_WARNINGS. See online help for details.
                 C:\Program Files (x86)\Microsoft Visual Studio 11.0\VC\include\stdio.h(218) : see declaration of 'fopen'
     1>NegativeExtractor.cpp(50): warning C4996: 'fscanf': This function or variable may be unsafe. Consider using fscanf_s instead. To disable deprecation, use _CRT_SECURE_NO_WARNINGS. See online help for details.
                 C:\Program Files (x86)\Microsoft Visual Studio 11.0\VC\include\stdio.h(237) : see declaration of 'fscanf'
     1>NegativeExtractor.cpp(124): warning C4996: 'fopen': This function or variable may be unsafe. Consider using fopen_s instead. To disable deprecation, use _CRT_SECURE_NO_WARNINGS. See online help for details.
                 C:\Program Files (x86)\Microsoft Visual Studio 11.0\VC\include\stdio.h(218) : see declaration of 'fopen'
     1>NegativeExtractor.cpp(139): warning C4244: '=' : conversion from 'double' to 'int', possible loss of data
     1>NegativeExtractor.cpp(140): warning C4244: '=' : conversion from 'double' to 'int', possible loss of data
     1>NegativeExtractor.cpp(191): warning C4996: 'sprintf': This function or variable may be unsafe. Consider using sprintf_s instead. To disable deprecation, use _CRT_SECURE_NO_WARNINGS. See online help for details.
                 C:\Program Files (x86)\Microsoft Visual Studio 11.0\VC\include\stdio.h(357) : see declaration of 'sprintf'
     1>NegativeExtractor.cpp(252): warning C4996: 'fopen': This function or variable may be unsafe. Consider using fopen_s instead. To disable deprecation, use _CRT_SECURE_NO_WARNINGS. See online help for details.
                 C:\Program Files (x86)\Microsoft Visual Studio 11.0\VC\include\stdio.h(218) : see declaration of 'fopen'
     1>NegativeExtractor.cpp(260): warning C4996: 'fscanf': This function or variable may be unsafe. Consider using fscanf_s instead. To disable deprecation, use _CRT_SECURE_NO_WARNINGS. See online help for details.
                 C:\Program Files (x86)\Microsoft Visual Studio 11.0\VC\include\stdio.h(237) : see declaration of 'fscanf'
     1>NegativeExtractor.cpp(269): warning C4996: 'fscanf': This function or variable may be unsafe. Consider using fscanf_s instead. To disable deprecation, use _CRT_SECURE_NO_WARNINGS. See online help for details.
                 C:\Program Files (x86)\Microsoft Visual Studio 11.0\VC\include\stdio.h(237) : see declaration of 'fscanf'
     1>NegativeExtractor.cpp(272): warning C4996: 'fscanf': This function or variable may be unsafe. Consider using fscanf_s instead. To disable deprecation, use _CRT_SECURE_NO_WARNINGS. See online help for details.
                 C:\Program Files (x86)\Microsoft Visual Studio 11.0\VC\include\stdio.h(237) : see declaration of 'fscanf'
     1>NegativeExtractor.cpp(277): warning C4996: 'fscanf': This function or variable may be unsafe. Consider using fscanf_s instead. To disable deprecation, use _CRT_SECURE_NO_WARNINGS. See online help for details.
                 C:\Program Files (x86)\Microsoft Visual Studio 11.0\VC\include\stdio.h(237) : see declaration of 'fscanf'
     1>NegativeExtractor.cpp(283): warning C4996: 'fscanf': This function or variable may be unsafe. Consider using fscanf_s instead. To disable deprecation, use _CRT_SECURE_NO_WARNINGS. See online help for details.
                 C:\Program Files (x86)\Microsoft Visual Studio 11.0\VC\include\stdio.h(237) : see declaration of 'fscanf'
     1>NegativeExtractor.cpp(307): warning C4244: '+=' : conversion from 'double' to 'int', possible loss of data
         PositiveExtractor.cpp
     1>PositiveExtractor.cpp(22): warning C4800: 'BOOL' : forcing value to bool 'true' or 'false' (performance warning)
     1>PositiveExtractor.cpp(26): warning C4800: 'BOOL' : forcing value to bool 'true' or 'false' (performance warning)
         Tester.cpp
         WeakLearner.cpp
     1>WeakLearner.cpp(17): warning C4996: 'fopen': This function or variable may be unsafe. Consider using fopen_s instead. To disable deprecation, use _CRT_SECURE_NO_WARNINGS. See online help for details.
                 C:\Program Files (x86)\Microsoft Visual Studio 11.0\VC\include\stdio.h(218) : see declaration of 'fopen'
     1>WeakLearner.cpp(47): warning C4244: '=' : conversion from 'double' to 'int', possible loss of data
       Link:
         C:\Program Files (x86)\Microsoft Visual Studio 11.0\VC\bin\x86_amd64\link.exe /ERRORREPORT:PROMPT /OUT:"E:\GitHub\cascade-boosting\CascadeBoosting3.2\x64\Release\CascadeBoosting.exe" /INCREMENTAL:NO /NOLOGO /LIBPATH:C:\opencv2.4.9\build\x64\vc11\lib nafxcw.lib libcmt.lib opencv_core249.lib opencv_imgproc249.lib opencv_highgui249.lib opencv_ml249.lib opencv_video249.lib opencv_features2d249.lib opencv_calib3d249.lib opencv_objdetect249.lib opencv_contrib249.lib opencv_legacy249.lib opencv_flann249.lib kernel32.lib user32.lib gdi32.lib winspool.lib comdlg32.lib advapi32.lib shell32.lib ole32.lib oleaut32.lib uuid.lib odbc32.lib odbccp32.lib /NODEFAULTLIB:libcmt.lib /NODEFAULTLIB:nafxcw.lib /MANIFEST /MANIFESTUAC:"level='asInvoker' uiAccess='false'" /manifest:embed /DEBUG /PDB:"E:\GitHub\cascade-boosting\CascadeBoosting3.2\x64\Release\CascadeBoosting.pdb" /SUBSYSTEM:CONSOLE /OPT:REF /OPT:ICF /LTCG /TLBID:1 /DYNAMICBASE /NXCOMPAT /IMPLIB:"E:\GitHub\cascade-boosting\CascadeBoosting3.2\x64\Release\CascadeBoosting.lib" /MACHINE:X64 x64\Release\Boosting.obj
         x64\Release\Cascade.obj
         x64\Release\ObjMerger.obj
         x64\Release\Detector.obj
         x64\Release\HaarFeature.obj
         x64\Release\IntegralImage.obj
         x64\Release\main.obj
         x64\Release\NegativeExtractor.obj
         x64\Release\PositiveExtractor.obj
         x64\Release\stdafx.obj
         x64\Release\Tester.obj
         x64\Release\WeakLearner.obj
         Generating code
         Finished generating code
         CascadeBoosting.vcxproj -> E:\GitHub\cascade-boosting\CascadeBoosting3.2\x64\Release\CascadeBoosting.exe
       FinalizeBuildStatus:
         Deleting file "x64\Release\CascadeBoosting.unsuccessfulbuild".
         Touching "x64\Release\CascadeBoosting.lastbuildstate".
     1>Done Building Project "E:\GitHub\cascade-boosting\CascadeBoosting3.2\CascadeBoosting\CascadeBoosting.vcxproj" (Rebuild target(s)).

Build succeeded.

Time Elapsed 00:00:08.79
