E:\GITHUB\CASCADE-BOOSTING\CASCADEBOOSTING3.2\CASCADEBOOSTING\X64\RELEASE\CASCADEBOOSTING.PCH
E:\GITHUB\CASCADE-BOOSTING\CASCADEBOOSTING3.2\CASCADEBOOSTING\X64\RELEASE\STDAFX.OBJ
E:\GITHUB\CASCADE-BOOSTING\CASCADEBOOSTING3.2\CASCADEBOOSTING\X64\RELEASE\VC110.PDB
E:\GITHUB\CASCADE-BOOSTING\CASCADEBOOSTING3.2\CASCADEBOOSTING\X64\RELEASE\WEAKLEARNER.OBJ
E:\GITHUB\CASCADE-BOOSTING\CASCADEBOOSTING3.2\CASCADEBOOSTING\X64\RELEASE\TESTER.OBJ
E:\GITHUB\CASCADE-BOOSTING\CASCADEBOOSTING3.2\CASCADEBOOSTING\X64\RELEASE\POSITIVEEXTRACTOR.OBJ
E:\GITHUB\CASCADE-BOOSTING\CASCADEBOOSTING3.2\CASCADEBOOSTING\X64\RELEASE\NEGATIVEEXTRACTOR.OBJ
E:\GITHUB\CASCADE-BOOSTING\CASCADEBOOSTING3.2\CASCADEBOOSTING\X64\RELEASE\MAIN.OBJ
E:\GITHUB\CASCADE-BOOSTING\CASCADEBOOSTING3.2\CASCADEBOOSTING\X64\RELEASE\INTEGRALIMAGE.OBJ
E:\GITHUB\CASCADE-BOOSTING\CASCADEBOOSTING3.2\CASCADEBOOSTING\X64\RELEASE\HAARFEATURE.OBJ
E:\GITHUB\CASCADE-BOOSTING\CASCADEBOOSTING3.2\CASCADEBOOSTING\X64\RELEASE\DETECTOR.OBJ
E:\GITHUB\CASCADE-BOOSTING\CASCADEBOOSTING3.2\CASCADEBOOSTING\X64\RELEASE\OBJMERGER.OBJ
E:\GITHUB\CASCADE-BOOSTING\CASCADEBOOSTING3.2\CASCADEBOOSTING\X64\RELEASE\CASCADE.OBJ
E:\GITHUB\CASCADE-BOOSTING\CASCADEBOOSTING3.2\CASCADEBOOSTING\X64\RELEASE\BOOSTING.OBJ
E:\GITHUB\CASCADE-BOOSTING\CASCADEBOOSTING3.2\X64\RELEASE\CASCADEBOOSTING.EXE
E:\GITHUB\CASCADE-BOOSTING\CASCADEBOOSTING3.2\X64\RELEASE\CASCADEBOOSTING.PDB
E:\GitHub\cascade-boosting\CascadeBoosting3.2\CascadeBoosting\x64\Release\Boosting.obj
E:\GitHub\cascade-boosting\CascadeBoosting3.2\CascadeBoosting\x64\Release\Cascade.obj
E:\GitHub\cascade-boosting\CascadeBoosting3.2\CascadeBoosting\x64\Release\Detector.obj
E:\GitHub\cascade-boosting\CascadeBoosting3.2\CascadeBoosting\x64\Release\HaarFeature.obj
E:\GitHub\cascade-boosting\CascadeBoosting3.2\CascadeBoosting\x64\Release\IntegralImage.obj
E:\GitHub\cascade-boosting\CascadeBoosting3.2\CascadeBoosting\x64\Release\main.obj
E:\GitHub\cascade-boosting\CascadeBoosting3.2\CascadeBoosting\x64\Release\NegativeExtractor.obj
E:\GitHub\cascade-boosting\CascadeBoosting3.2\CascadeBoosting\x64\Release\ObjMerger.obj
E:\GitHub\cascade-boosting\CascadeBoosting3.2\CascadeBoosting\x64\Release\PositiveExtractor.obj
E:\GitHub\cascade-boosting\CascadeBoosting3.2\CascadeBoosting\x64\Release\stdafx.obj
E:\GitHub\cascade-boosting\CascadeBoosting3.2\CascadeBoosting\x64\Release\Tester.obj
E:\GitHub\cascade-boosting\CascadeBoosting3.2\CascadeBoosting\x64\Release\WeakLearner.obj
E:\GitHub\cascade-boosting\CascadeBoosting3.2\CascadeBoosting\x64\Release\cl.command.1.tlog
E:\GitHub\cascade-boosting\CascadeBoosting3.2\CascadeBoosting\x64\Release\CL.read.1.tlog
E:\GitHub\cascade-boosting\CascadeBoosting3.2\CascadeBoosting\x64\Release\CL.write.1.tlog
E:\GitHub\cascade-boosting\CascadeBoosting3.2\CascadeBoosting\x64\Release\link-cvtres.read.1.tlog
E:\GitHub\cascade-boosting\CascadeBoosting3.2\CascadeBoosting\x64\Release\link-cvtres.write.1.tlog
E:\GitHub\cascade-boosting\CascadeBoosting3.2\CascadeBoosting\x64\Release\link-rc.read.1.tlog
E:\GitHub\cascade-boosting\CascadeBoosting3.2\CascadeBoosting\x64\Release\link-rc.write.1.tlog
E:\GitHub\cascade-boosting\CascadeBoosting3.2\CascadeBoosting\x64\Release\link.command.1.tlog
E:\GitHub\cascade-boosting\CascadeBoosting3.2\CascadeBoosting\x64\Release\link.read.1.tlog
E:\GitHub\cascade-boosting\CascadeBoosting3.2\CascadeBoosting\x64\Release\link.write.1.tlog
E:\GitHub\cascade-boosting\CascadeBoosting3.2\CascadeBoosting\x64\Release\CascadeBoosting.pch
E:\GitHub\cascade-boosting\CascadeBoosting3.2\CascadeBoosting\x64\Release\vc110.pdb
E:\GitHub\cascade-boosting\CascadeBoosting3.2\x64\Release\CascadeBoosting.pdb
